[2021.09.05-16.34.13:780][  0]Log file open, 09/06/21 01:34:13
[2021.09.05-16.34.13:780][  0]ARK Version: 678.13
[2021.09.05-16.34.13:780][  0]PID: 1601
[2021.09.05-16.35.24:196][  0]Primal Game Data Took 67.66 seconds
[2021.09.05-16.35.28:996][  0]SteamSocketsOpenSource: gethostname failed ()
[2021.09.05-16.35.28:996][  0]gethostbyname failed ()
[2021.09.05-16.35.53:949][  0]Server Initializing with BattlEye Anti-Cheat Protection. If you do not wish to use BattlEye, please launch with -NoBattlEye
[2021.09.05-16.35.53:956][  0]BattlEye successfully started.
[2021.09.05-16.38.48:916][  0]Server: "mosquitserver" has successfully started!
[2021.09.05-16.38.50:092][  0]ADayCycleManager DayCycleManager3, 
[2021.09.05-16.39.26:944][  0]Commandline:  TheIsland?listen?SessionName=mosquitserver?ServerPassword=hoda?ServerAdminPassword=hodahoda?RCONEnabled=True?RCONPort=32330 -server -log
[2021.09.05-16.39.26:948][  0]Full Startup: 315.52 seconds (BP compile: 0.00 seconds)
[2021.09.05-16.39.26:948][  0]Number of cores 1
﻿[2021.09.05-16.34.13:780][  0]Log file open, 09/06/21 01:34:13
[2021.09.05-16.34.13:780][  0]ARK Version: 678.13
[2021.09.05-16.34.13:780][  0]PID: 1601
[2021.09.05-16.35.24:196][  0]Primal Game Data Took 67.66 seconds
[2021.09.05-16.35.28:996][  0]SteamSocketsOpenSource: gethostname failed ()
[2021.09.05-16.35.28:996][  0]gethostbyname failed ()
[2021.09.05-16.35.53:949][  0]Server Initializing with BattlEye Anti-Cheat Protection. If you do not wish to use BattlEye, please launch with -NoBattlEye
[2021.09.05-16.35.53:956][  0]BattlEye successfully started.
[2021.09.05-16.38.48:916][  0]Server: "mosquitserver" has successfully started!
[2021.09.05-16.38.50:092][  0]ADayCycleManager DayCycleManager3, 
[2021.09.05-16.39.26:944][  0]Commandline:  TheIsland?listen?SessionName=mosquitserver?ServerPassword=hoda?ServerAdminPassword=hodahoda?RCONEnabled=True?RCONPort=32330 -server -log
[2021.09.05-16.39.26:948][  0]Full Startup: 315.52 seconds (BP compile: 0.00 seconds)
[2021.09.05-16.39.26:948][  0]Number of cores 1
