[2021.09.05-18.59.09:283][  0]Log file open, 09/06/21 03:59:09
[2021.09.05-18.59.09:283][  0]ARK Version: 678.13
[2021.09.05-18.59.09:283][  0]PID: 3640
[2021.09.05-19.00.21:356][  0]Primal Game Data Took 69.47 seconds
[2021.09.05-19.00.26:782][  0]SteamSocketsOpenSource: gethostname failed ()
[2021.09.05-19.00.26:782][  0]gethostbyname failed ()
[2021.09.05-19.00.52:646][  0]Server Initializing with BattlEye Anti-Cheat Protection. If you do not wish to use BattlEye, please launch with -NoBattlEye
[2021.09.05-19.00.52:655][  0]BattlEye successfully started.
[2021.09.05-19.03.48:798][  0]Server: "mosquitserver" has successfully started!
[2021.09.05-19.03.50:037][  0]ADayCycleManager DayCycleManager3, 
[2021.09.05-19.04.27:011][  0]Commandline:  TheIsland?listen?SessionName=mosquitserver?ServerPassword=hoda?ServerAdminPassword=hodahoda?RCONEnabled=True?RCONPort=32330 -server -log
[2021.09.05-19.04.27:014][  0]Full Startup: 320.08 seconds (BP compile: 0.00 seconds)
[2021.09.05-19.04.27:015][  0]Number of cores 1
﻿[2021.09.05-18.59.09:283][  0]Log file open, 09/06/21 03:59:09
[2021.09.05-18.59.09:283][  0]ARK Version: 678.13
[2021.09.05-18.59.09:283][  0]PID: 3640
[2021.09.05-19.00.21:356][  0]Primal Game Data Took 69.47 seconds
[2021.09.05-19.00.26:782][  0]SteamSocketsOpenSource: gethostname failed ()
[2021.09.05-19.00.26:782][  0]gethostbyname failed ()
[2021.09.05-19.00.52:646][  0]Server Initializing with BattlEye Anti-Cheat Protection. If you do not wish to use BattlEye, please launch with -NoBattlEye
[2021.09.05-19.00.52:655][  0]BattlEye successfully started.
[2021.09.05-19.03.48:798][  0]Server: "mosquitserver" has successfully started!
[2021.09.05-19.03.50:037][  0]ADayCycleManager DayCycleManager3, 
[2021.09.05-19.04.27:011][  0]Commandline:  TheIsland?listen?SessionName=mosquitserver?ServerPassword=hoda?ServerAdminPassword=hodahoda?RCONEnabled=True?RCONPort=32330 -server -log
[2021.09.05-19.04.27:014][  0]Full Startup: 320.08 seconds (BP compile: 0.00 seconds)
[2021.09.05-19.04.27:015][  0]Number of cores 1
